Comprendre le plan reparti d'une requête : Quelle opération est traitée sur quel site ?
                   =======                 ======                           =========


Partiel : on nous donne les plans il faut les expliquer
Examen : on nous donnera pas le plan, il faudra expliquer la requête directement

Un arc: origine:ora11 => destination:ora11, pas de transfert.
Un transfert c'est si origine:ora10 => destination:ora11.


Requête R1: Jointure seule avec un transfert volumineux
===========
SQL>

PLAN_TABLE_OUTPUT
----------------------------------------------------------------------------------------------------
Plan hash value: 99285189

------------------------------------------------------------------------------------------------
| Id  | Operation	   | Name      | Rows  | Bytes | Cost (%CPU)| Time     | Inst	|IN-OUT|
------------------------------------------------------------------------------------------------
|   0 | SELECT STATEMENT   |	       |  1000 |  1990K|   224	 (1)| 00:00:03 |	|      |
|*  1 |  HASH JOIN	   |	       |  1000 |  1990K|   224	 (1)| 00:00:03 |	|      |
|   2 |   TABLE ACCESS FULL| CLUB      |   100 |   600 |     3	 (0)| 00:00:01 |	|      |
|   3 |   REMOTE	   | STAGIAIRE |  1000 |  1984K|   220	 (0)| 00:00:03 |  SITE2 | R->S |
------------------------------------------------------------------------------------------------

Predicate Information (identified by operation id):
---------------------------------------------------

   1 - access("CNUM"="C"."CNUM")

Column Projection Information (identified by operation id):
-----------------------------------------------------------

   1 - (#keys=1) "C"."DIVISION"[NUMBER,22], "PROFIL"[VARCHAR2,4000],
       "PRENOM"[VARCHAR2,30]
   2 - "C"."CNUM"[NUMBER,22], "C"."DIVISION"[NUMBER,22]
   3 - "CNUM"[NUMBER,22], "PRENOM"[VARCHAR2,30], "PROFIL"[VARCHAR2,4000]

Remote SQL Information (identified by operation id):
----------------------------------------------------

   3 - SELECT "CNUM","PRENOM","PROFIL" FROM "STAGIAIRE" "STAGIAIRE" (accessing
       'SITE2.UFR-INFO-P6.JUSSIEU.FR' )

Dessin de l'arbre:
==================

                0 @ora11
                |
                1
               HASH Join @ora11
            |       |
    @ora11  2       3
TABLE ACCESS FULL   @ora10 REMOTE
      CLUB                 Select cnum, prenom, profil
                           From Stagiaire

                   |
                   |
                   |
                   =


                   ¶prenom, profil, @ora11
                   |
                   |
                  |><| @ora11
                  cnum
             |            | (ça c'est la flèche rouge)
             |            | (ce qu'il faut repérer, ce morceau !!!!!)
     @ora11 CLUB          ¶cnum, prenom, profil @ora10
                          |
                          |
                          Stagiaire @ora10


Répérer le morceau qui se fait ailleurs sur la base ora10, c'est ce qui est
important: les transferts, les morceaux distants, etc...


Requête R2: Jointure avec sélection
===========
SQL>


PLAN_TABLE_OUTPUT
------------------------------------------------------------------------------------------------------------------------
Plan hash value: 4004391546

----------------------------------------------------------------------------------------------------------
| Id  | Operation		     | Name	 | Rows  | Bytes | Cost (%CPU)| Time	 | Inst   |IN-OUT|
----------------------------------------------------------------------------------------------------------
|   0 | SELECT STATEMENT	     |		 |    16 | 32816 |   223   (1)| 00:00:03 |	  |	 |
|   1 |  MERGE JOIN		     |		 |    16 | 32816 |   223   (1)| 00:00:03 |	  |	 |
|   2 |   TABLE ACCESS BY INDEX ROWID| CLUB	 |   100 |   600 |     2   (0)| 00:00:01 |	  |	 |
|   3 |    INDEX FULL SCAN	     | I_C_CNUM  |   100 |	 |     1   (0)| 00:00:01 |	  |	 |
|*  4 |   SORT JOIN		     |		 |    16 | 32720 |   221   (1)| 00:00:03 |	  |	 |
|   5 |    REMOTE		     | STAGIAIRE |    16 | 32720 |   220   (0)| 00:00:03 |  SITE2 | R->S |
----------------------------------------------------------------------------------------------------------

Predicate Information (identified by operation id):
---------------------------------------------------

   4 - access("CNUM"="C"."CNUM")
       filter("CNUM"="C"."CNUM")

Column Projection Information (identified by operation id):
-----------------------------------------------------------

   1 - (#keys=0) "C"."DIVISION"[NUMBER,22], "PROFIL"[VARCHAR2,4000], "PRENOM"[VARCHAR2,30]
   2 - "C"."CNUM"[NUMBER,22], "C"."DIVISION"[NUMBER,22]
   3 - "C".ROWID[ROWID,10], "C"."CNUM"[NUMBER,22]
   4 - (#keys=1) "CNUM"[NUMBER,22], "PROFIL"[VARCHAR2,4000], "PRENOM"[VARCHAR2,30]
   5 - "CNUM"[NUMBER,22], "PRENOM"[VARCHAR2,30], "SALAIRE"[NUMBER,22], "PROFIL"[VARCHAR2,4000]

Remote SQL Information (identified by operation id):
----------------------------------------------------

   5 - SELECT "CNUM","PRENOM","SALAIRE","PROFIL" FROM "STAGIAIRE" "STAGIAIRE" WHERE
       "SALAIRE">59000 (accessing 'SITE2.UFR-INFO-P6.JUSSIEU.FR' )


Relation entre un noeud son parent:

	ID  PARENT_ID
---------- ----------
	 1	    0
	 2	    1
	 4	    1
	 3	    2
	 5	    4

Dessin de l'arbre:
==================

                     0     @ora11
                  SELECT
                     |
                     |
                     1
               MERGE Join  @ora11
              |              |
              |              |
       @ora11 2              4 
       TABLE ACCESS      SORT JOIN ACCESS CNUM
      BY INDEX ROWID         |
             CLUB            |
              |              |
              |              |
              3              5
       INDEX FULL SCAN     REMOTE
                           Select cnum, profil, prenom, salaire
                           From Stagiaire
                           where salaire > 59000

Quand on a un TABLE ACCESS et après un INDEX FULL SCAN, alors forcément on a
récupérer les index pour les utiliser TABLE ACCESS.
Lorsque la table club a été crée, on ne peut pas supposer qu'elle était triée.
Mais on a pu les lire en ordre croissant en utilisant INDEX FULL SCAN.

Le noeud 3 correspond: lire les ROWIDs des club dans l'ordre croissant des cnum.
                                                      ================
cnum: numéro de club.
=====
On peut dire que c'est l'index qui se charge du tri pour la branche à gauche
